-------------------------------------------------------------------------------
Test set: com.srividya.automation.runner.TestRunner
-------------------------------------------------------------------------------
Tests run: 10, Failures: 1, Errors: 1, Skipped: 0, Time elapsed: 45.33 s <<< FAILURE! -- in com.srividya.automation.runner.TestRunner
Login Fucntionality Scenarios.Verify whether the User is able to reset the forgotten password -- Time elapsed: 4.736 s <<< FAILURE!
org.junit.ComparisonFailure: expected:<[Warning: The E-Mail Address was not found in our records, please try again!]> but was:<[An email with a confirmation link has been sent your email address.]>
	at com.srividya.automation.stepDefinition.LoginApp.i_should_see_a_message_informing_the_user_that_information_related_to_restting_password_have_been_sent_to_email_address(LoginApp.java:61)
	at ✽.I should see a message informing the User that information related to restting password have been sent to email address(classpath:FeatureFiles/LoginApp.feature:29)

Registraition functionality scenarios.Verify whether the user is restricted from registring a duplicate account -- Time elapsed: 5.559 s <<< ERROR!
org.openqa.selenium.NoSuchElementException: 
no such element: Unable to locate element: {"method":"xpath","selector":"//div[contains(text(),'Warning')]"}
  (Session info: chrome=128.0.6613.114)
For documentation on this error, please visit: http://seleniumhq.org/exceptions/no_such_element.html
Build info: version: '3.11.0', revision: 'e59cfb3', time: '2018-03-11T20:26:55.152Z'
System info: host: 'SRIVIDYA', ip: '192.168.29.159', os.name: 'Windows 11', os.arch: 'amd64', os.version: '10.0', java.version: '17.0.6'
Driver info: org.openqa.selenium.chrome.ChromeDriver
Capabilities {acceptInsecureCerts: false, browserName: chrome, browserVersion: 128.0.6613.114, chrome: {chromedriverVersion: 128.0.6613.86 (3045ed680fda..., userDataDir: C:\Users\kotip\AppData\Loca...}, fedcm:accounts: true, goog:chromeOptions: {debuggerAddress: localhost:62470}, javascriptEnabled: true, networkConnectionEnabled: false, pageLoadStrategy: normal, platform: WINDOWS, platformName: WINDOWS, proxy: Proxy(), setWindowRect: true, strictFileInteractability: false, timeouts: {implicit: 0, pageLoad: 300000, script: 30000}, unhandledPromptBehavior: dismiss and notify, webauthn:extension:credBlob: true, webauthn:extension:largeBlob: true, webauthn:extension:minPinLength: true, webauthn:extension:prf: true, webauthn:virtualAuthenticators: true}
Session ID: aaa84100db92ebdc19b7f6a91ad992bc
*** Element info: {Using=xpath, value=//div[contains(text(),'Warning')]}
	at java.base/java.lang.reflect.Constructor.newInstanceWithCaller(Constructor.java:499)
	at java.base/java.lang.reflect.Constructor.newInstance(Constructor.java:480)
	at org.openqa.selenium.remote.http.W3CHttpResponseCodec.createException(W3CHttpResponseCodec.java:187)
	at org.openqa.selenium.remote.http.W3CHttpResponseCodec.decode(W3CHttpResponseCodec.java:122)
	at org.openqa.selenium.remote.http.W3CHttpResponseCodec.decode(W3CHttpResponseCodec.java:49)
	at org.openqa.selenium.remote.HttpCommandExecutor.execute(HttpCommandExecutor.java:158)
	at org.openqa.selenium.remote.service.DriverCommandExecutor.execute(DriverCommandExecutor.java:83)
	at org.openqa.selenium.remote.RemoteWebDriver.execute(RemoteWebDriver.java:545)
	at org.openqa.selenium.remote.RemoteWebDriver.findElement(RemoteWebDriver.java:319)
	at org.openqa.selenium.remote.RemoteWebDriver.findElementByXPath(RemoteWebDriver.java:421)
	at org.openqa.selenium.By$ByXPath.findElement(By.java:361)
	at org.openqa.selenium.remote.RemoteWebDriver.findElement(RemoteWebDriver.java:311)
	at org.openqa.selenium.support.pagefactory.DefaultElementLocator.findElement(DefaultElementLocator.java:69)
	at org.openqa.selenium.support.pagefactory.internal.LocatingElementHandler.invoke(LocatingElementHandler.java:38)
	at jdk.proxy2/jdk.proxy2.$Proxy22.isDisplayed(Unknown Source)
	at com.srividya.automation.stepDefinition.Registration.i_should_see_the_warning_message_stating_that_the_user_is_already_created(Registration.java:92)
	at ✽.I should see the warning message stating that the user is already created(classpath:FeatureFiles/Registration.feature:51)

