<?xml version="1.0" encoding="UTF-8"?>
<testsuite xmlns:xsi="http://www.w3.org/2001/XMLSchema-instance" xsi:noNamespaceSchemaLocation="https://maven.apache.org/surefire/maven-surefire-plugin/xsd/surefire-test-report.xsd" version="3.0.1" name="com.srividya.automation.runner.TestRunner" time="36.222" tests="10" errors="0" skipped="0" failures="0">
  <properties>
[...]
</properties>
  <testcase name="Verify user is able to login with valid credentials" classname="Login Fucntionality Scenarios" time="4.76">
    <system-out><![CDATA[2024-09-03 18:05:50 [INFO ] [Hooks] - [setup] Scenario Started: Verify user is able to login with valid credentials
2024-09-03 18:05:50 [INFO ] [Browser] - [startBrowser] Selected browser is chrome
2024-09-03 18:05:51 [INFO ] [Browser] - [startBrowser] Chrome Browser is Started1738784081
2024-09-03 18:05:54 [INFO ] [Hooks] - [closeBrowser] Scenario Completed: Verify user is able to login with valid credentials
2024-09-03 18:05:54 [INFO ] [Hooks] - [closeBrowser] Scenario Status is: PASSED
]]></system-out>
    <system-err><![CDATA[Starting ChromeDriver 128.0.6613.86 (3045ed680fdab64f784f3b366cfe74adbdf6ff01-refs/branch-heads/6613@{#1337}) on port 23787
Only local connections are allowed.
Please see https://chromedriver.chromium.org/security-considerations for suggestions on keeping ChromeDriver safe.
ChromeDriver was started successfully on port 23787.
Sep 03, 2024 6:05:51 PM org.openqa.selenium.remote.ProtocolHandshake createSession
INFO: Detected dialect: W3C
]]></system-err>
  </testcase>
  <testcase name="Verify whether the User is not able to login with invalid credentials" classname="Login Fucntionality Scenarios" time="3.052">
    <system-out><![CDATA[2024-09-03 18:05:54 [INFO ] [Hooks] - [setup] Scenario Started: Verify whether the User is not able to login with invalid credentials
2024-09-03 18:05:54 [INFO ] [Browser] - [startBrowser] Selected browser is chrome
2024-09-03 18:05:55 [INFO ] [Browser] - [startBrowser] Chrome Browser is Started779051277
2024-09-03 18:05:57 [INFO ] [Hooks] - [closeBrowser] Scenario Completed: Verify whether the User is not able to login with invalid credentials
2024-09-03 18:05:57 [INFO ] [Hooks] - [closeBrowser] Scenario Status is: PASSED
]]></system-out>
    <system-err><![CDATA[Starting ChromeDriver 128.0.6613.86 (3045ed680fdab64f784f3b366cfe74adbdf6ff01-refs/branch-heads/6613@{#1337}) on port 9000
Only local connections are allowed.
Please see https://chromedriver.chromium.org/security-considerations for suggestions on keeping ChromeDriver safe.
ChromeDriver was started successfully on port 9000.
Sep 03, 2024 6:05:55 PM org.openqa.selenium.remote.ProtocolHandshake createSession
INFO: Detected dialect: W3C
]]></system-err>
  </testcase>
  <testcase name="Verify whether the User is not able to login without providing credentials" classname="Login Fucntionality Scenarios" time="3.101">
    <system-out><![CDATA[2024-09-03 18:05:57 [INFO ] [Hooks] - [setup] Scenario Started: Verify whether the User is not able to login without providing credentials
2024-09-03 18:05:57 [INFO ] [Browser] - [startBrowser] Selected browser is chrome
2024-09-03 18:05:58 [INFO ] [Browser] - [startBrowser] Chrome Browser is Started1913386579
2024-09-03 18:06:00 [INFO ] [Hooks] - [closeBrowser] Scenario Completed: Verify whether the User is not able to login without providing credentials
2024-09-03 18:06:00 [INFO ] [Hooks] - [closeBrowser] Scenario Status is: PASSED
]]></system-out>
    <system-err><![CDATA[Starting ChromeDriver 128.0.6613.86 (3045ed680fdab64f784f3b366cfe74adbdf6ff01-refs/branch-heads/6613@{#1337}) on port 62009
Only local connections are allowed.
Please see https://chromedriver.chromium.org/security-considerations for suggestions on keeping ChromeDriver safe.
ChromeDriver was started successfully on port 62009.
Sep 03, 2024 6:05:58 PM org.openqa.selenium.remote.ProtocolHandshake createSession
INFO: Detected dialect: W3C
]]></system-err>
  </testcase>
  <testcase name="Verify whether the User is able to reset the forgotten password" classname="Login Fucntionality Scenarios" time="3.563">
    <system-out><![CDATA[2024-09-03 18:06:01 [INFO ] [Hooks] - [setup] Scenario Started: Verify whether the User is able to reset the forgotten password
2024-09-03 18:06:01 [INFO ] [Browser] - [startBrowser] Selected browser is chrome
2024-09-03 18:06:01 [INFO ] [Browser] - [startBrowser] Chrome Browser is Started721671471
2024-09-03 18:06:04 [INFO ] [Hooks] - [closeBrowser] Scenario Completed: Verify whether the User is able to reset the forgotten password
2024-09-03 18:06:04 [INFO ] [Hooks] - [closeBrowser] Scenario Status is: PASSED
]]></system-out>
    <system-err><![CDATA[Starting ChromeDriver 128.0.6613.86 (3045ed680fdab64f784f3b366cfe74adbdf6ff01-refs/branch-heads/6613@{#1337}) on port 63398
Only local connections are allowed.
Please see https://chromedriver.chromium.org/security-considerations for suggestions on keeping ChromeDriver safe.
ChromeDriver was started successfully on port 63398.
Sep 03, 2024 6:06:01 PM org.openqa.selenium.remote.ProtocolHandshake createSession
INFO: Detected dialect: W3C
]]></system-err>
  </testcase>
  <testcase name="Verify whether the user is able to register into the application by providing all the fields" classname="Registraition functionality scenarios" time="3.839">
    <system-out><![CDATA[2024-09-03 18:06:04 [INFO ] [Hooks] - [setup] Scenario Started: Verify whether the user is able to register into the application by providing all the fields
2024-09-03 18:06:04 [INFO ] [Browser] - [startBrowser] Selected browser is chrome
2024-09-03 18:06:05 [INFO ] [Browser] - [startBrowser] Chrome Browser is Started503879157
2024-09-03 18:06:08 [INFO ] [Hooks] - [closeBrowser] Scenario Completed: Verify whether the user is able to register into the application by providing all the fields
2024-09-03 18:06:08 [INFO ] [Hooks] - [closeBrowser] Scenario Status is: PASSED
]]></system-out>
    <system-err><![CDATA[Starting ChromeDriver 128.0.6613.86 (3045ed680fdab64f784f3b366cfe74adbdf6ff01-refs/branch-heads/6613@{#1337}) on port 45145
Only local connections are allowed.
Please see https://chromedriver.chromium.org/security-considerations for suggestions on keeping ChromeDriver safe.
ChromeDriver was started successfully on port 45145.
Sep 03, 2024 6:06:05 PM org.openqa.selenium.remote.ProtocolHandshake createSession
INFO: Detected dialect: W3C
]]></system-err>
  </testcase>
  <testcase name="Verify user is not allowed to Register on skipping mandatory fields" classname="Registraition functionality scenarios" time="2.918">
    <system-out><![CDATA[2024-09-03 18:06:08 [INFO ] [Hooks] - [setup] Scenario Started: Verify user is not allowed to Register on skipping mandatory fields
2024-09-03 18:06:08 [INFO ] [Browser] - [startBrowser] Selected browser is chrome
2024-09-03 18:06:09 [INFO ] [Browser] - [startBrowser] Chrome Browser is Started233309087
2024-09-03 18:06:11 [INFO ] [Hooks] - [closeBrowser] Scenario Completed: Verify user is not allowed to Register on skipping mandatory fields
2024-09-03 18:06:11 [INFO ] [Hooks] - [closeBrowser] Scenario Status is: PASSED
]]></system-out>
    <system-err><![CDATA[Starting ChromeDriver 128.0.6613.86 (3045ed680fdab64f784f3b366cfe74adbdf6ff01-refs/branch-heads/6613@{#1337}) on port 6951
Only local connections are allowed.
Please see https://chromedriver.chromium.org/security-considerations for suggestions on keeping ChromeDriver safe.
ChromeDriver was started successfully on port 6951.
Sep 03, 2024 6:06:09 PM org.openqa.selenium.remote.ProtocolHandshake createSession
INFO: Detected dialect: W3C
]]></system-err>
  </testcase>
  <testcase name="Verify whether the user is able to register into the application by opting for Newsletter subscription" classname="Registraition functionality scenarios" time="4.108">
    <system-out><![CDATA[2024-09-03 18:06:11 [INFO ] [Hooks] - [setup] Scenario Started: Verify whether the user is able to register into the application by opting for Newsletter subscription
2024-09-03 18:06:11 [INFO ] [Browser] - [startBrowser] Selected browser is chrome
2024-09-03 18:06:12 [INFO ] [Browser] - [startBrowser] Chrome Browser is Started1640832113
2024-09-03 18:06:15 [INFO ] [Hooks] - [closeBrowser] Scenario Completed: Verify whether the user is able to register into the application by opting for Newsletter subscription
2024-09-03 18:06:15 [INFO ] [Hooks] - [closeBrowser] Scenario Status is: PASSED
]]></system-out>
    <system-err><![CDATA[Starting ChromeDriver 128.0.6613.86 (3045ed680fdab64f784f3b366cfe74adbdf6ff01-refs/branch-heads/6613@{#1337}) on port 52612
Only local connections are allowed.
Please see https://chromedriver.chromium.org/security-considerations for suggestions on keeping ChromeDriver safe.
ChromeDriver was started successfully on port 52612.
Sep 03, 2024 6:06:12 PM org.openqa.selenium.remote.ProtocolHandshake createSession
INFO: Detected dialect: W3C
]]></system-err>
  </testcase>
  <testcase name="Verify whether the user is restricted from registring a duplicate account" classname="Registraition functionality scenarios" time="4.938">
    <system-out><![CDATA[2024-09-03 18:06:15 [INFO ] [Hooks] - [setup] Scenario Started: Verify whether the user is restricted from registring a duplicate account
2024-09-03 18:06:15 [INFO ] [Browser] - [startBrowser] Selected browser is chrome
2024-09-03 18:06:16 [INFO ] [Browser] - [startBrowser] Chrome Browser is Started2054332292
2024-09-03 18:06:20 [INFO ] [Hooks] - [closeBrowser] Scenario Completed: Verify whether the user is restricted from registring a duplicate account
2024-09-03 18:06:20 [INFO ] [Hooks] - [closeBrowser] Scenario Status is: PASSED
]]></system-out>
    <system-err><![CDATA[Starting ChromeDriver 128.0.6613.86 (3045ed680fdab64f784f3b366cfe74adbdf6ff01-refs/branch-heads/6613@{#1337}) on port 58047
Only local connections are allowed.
Please see https://chromedriver.chromium.org/security-considerations for suggestions on keeping ChromeDriver safe.
ChromeDriver was started successfully on port 58047.
Sep 03, 2024 6:06:16 PM org.openqa.selenium.remote.ProtocolHandshake createSession
INFO: Detected dialect: W3C
]]></system-err>
  </testcase>
  <testcase name="Verify whether the User is able to search for the products" classname="Search functionality scenarios" time="2.917">
    <system-out><![CDATA[2024-09-03 18:06:20 [INFO ] [Hooks] - [setup] Scenario Started: Verify whether the User is able to search for the products
2024-09-03 18:06:20 [INFO ] [Browser] - [startBrowser] Selected browser is chrome
2024-09-03 18:06:21 [INFO ] [Browser] - [startBrowser] Chrome Browser is Started886386381
2024-09-03 18:06:23 [INFO ] [Hooks] - [closeBrowser] Scenario Completed: Verify whether the User is able to search for the products
2024-09-03 18:06:23 [INFO ] [Hooks] - [closeBrowser] Scenario Status is: PASSED
]]></system-out>
    <system-err><![CDATA[Starting ChromeDriver 128.0.6613.86 (3045ed680fdab64f784f3b366cfe74adbdf6ff01-refs/branch-heads/6613@{#1337}) on port 7424
Only local connections are allowed.
Please see https://chromedriver.chromium.org/security-considerations for suggestions on keeping ChromeDriver safe.
ChromeDriver was started successfully on port 7424.
Sep 03, 2024 6:06:21 PM org.openqa.selenium.remote.ProtocolHandshake createSession
INFO: Detected dialect: W3C
]]></system-err>
  </testcase>
  <testcase name="Verify whether the User is informed when the product being searched is not available" classname="Search functionality scenarios" time="2.795">
    <system-out><![CDATA[2024-09-03 18:06:23 [INFO ] [Hooks] - [setup] Scenario Started: Verify whether the User is informed when the product being searched is not available
2024-09-03 18:06:23 [INFO ] [Browser] - [startBrowser] Selected browser is chrome
2024-09-03 18:06:24 [INFO ] [Browser] - [startBrowser] Chrome Browser is Started792195577
2024-09-03 18:06:25 [INFO ] [Hooks] - [closeBrowser] Scenario Completed: Verify whether the User is informed when the product being searched is not available
2024-09-03 18:06:25 [INFO ] [Hooks] - [closeBrowser] Scenario Status is: PASSED
]]></system-out>
    <system-err><![CDATA[Starting ChromeDriver 128.0.6613.86 (3045ed680fdab64f784f3b366cfe74adbdf6ff01-refs/branch-heads/6613@{#1337}) on port 33720
Only local connections are allowed.
Please see https://chromedriver.chromium.org/security-considerations for suggestions on keeping ChromeDriver safe.
ChromeDriver was started successfully on port 33720.
Sep 03, 2024 6:06:24 PM org.openqa.selenium.remote.ProtocolHandshake createSession
INFO: Detected dialect: W3C
]]></system-err>
  </testcase>
</testsuite>