<?xml version="1.0" encoding="UTF-8"?>
<testsuite xmlns:xsi="http://www.w3.org/2001/XMLSchema-instance" xsi:noNamespaceSchemaLocation="https://maven.apache.org/surefire/maven-surefire-plugin/xsd/surefire-test-report.xsd" version="3.0.1" name="com.srividya.automation.runner.TestRunner" time="45.332" tests="10" errors="1" skipped="0" failures="1">
  <properties>
[...]
</properties>
  <testcase name="Verify user is able to login with valid credentials" classname="Login Fucntionality Scenarios" time="6.509">
    <system-out><![CDATA[2024-09-03 17:24:04 [INFO ] [Hooks] - [setup] Scenario Started: Verify user is able to login with valid credentials
2024-09-03 17:24:04 [INFO ] [Browser] - [startBrowser] Selected browser is chrome
2024-09-03 17:24:06 [INFO ] [Browser] - [startBrowser] Chrome Browser is Started169370778
2024-09-03 17:24:10 [INFO ] [Hooks] - [closeBrowser] Scenario Completed: Verify user is able to login with valid credentials
2024-09-03 17:24:10 [INFO ] [Hooks] - [closeBrowser] Scenario Status is: PASSED
]]></system-out>
    <system-err><![CDATA[Starting ChromeDriver 128.0.6613.86 (3045ed680fdab64f784f3b366cfe74adbdf6ff01-refs/branch-heads/6613@{#1337}) on port 32866
Only local connections are allowed.
Please see https://chromedriver.chromium.org/security-considerations for suggestions on keeping ChromeDriver safe.
ChromeDriver was started successfully on port 32866.
Sep 03, 2024 5:24:06 PM org.openqa.selenium.remote.ProtocolHandshake createSession
INFO: Detected dialect: W3C
]]></system-err>
  </testcase>
  <testcase name="Verify whether the User is not able to login with invalid credentials" classname="Login Fucntionality Scenarios" time="4.371">
    <system-out><![CDATA[2024-09-03 17:24:11 [INFO ] [Hooks] - [setup] Scenario Started: Verify whether the User is not able to login with invalid credentials
2024-09-03 17:24:11 [INFO ] [Browser] - [startBrowser] Selected browser is chrome
2024-09-03 17:24:12 [INFO ] [Browser] - [startBrowser] Chrome Browser is Started556662073
2024-09-03 17:24:15 [INFO ] [Hooks] - [closeBrowser] Scenario Completed: Verify whether the User is not able to login with invalid credentials
2024-09-03 17:24:15 [INFO ] [Hooks] - [closeBrowser] Scenario Status is: PASSED
]]></system-out>
    <system-err><![CDATA[Starting ChromeDriver 128.0.6613.86 (3045ed680fdab64f784f3b366cfe74adbdf6ff01-refs/branch-heads/6613@{#1337}) on port 6944
Only local connections are allowed.
Please see https://chromedriver.chromium.org/security-considerations for suggestions on keeping ChromeDriver safe.
ChromeDriver was started successfully on port 6944.
Sep 03, 2024 5:24:12 PM org.openqa.selenium.remote.ProtocolHandshake createSession
INFO: Detected dialect: W3C
]]></system-err>
  </testcase>
  <testcase name="Verify whether the User is not able to login without providing credentials" classname="Login Fucntionality Scenarios" time="3.544">
    <system-out><![CDATA[2024-09-03 17:24:15 [INFO ] [Hooks] - [setup] Scenario Started: Verify whether the User is not able to login without providing credentials
2024-09-03 17:24:15 [INFO ] [Browser] - [startBrowser] Selected browser is chrome
2024-09-03 17:24:16 [INFO ] [Browser] - [startBrowser] Chrome Browser is Started1152487396
2024-09-03 17:24:18 [INFO ] [Hooks] - [closeBrowser] Scenario Completed: Verify whether the User is not able to login without providing credentials
2024-09-03 17:24:18 [INFO ] [Hooks] - [closeBrowser] Scenario Status is: PASSED
]]></system-out>
    <system-err><![CDATA[Starting ChromeDriver 128.0.6613.86 (3045ed680fdab64f784f3b366cfe74adbdf6ff01-refs/branch-heads/6613@{#1337}) on port 18451
Only local connections are allowed.
Please see https://chromedriver.chromium.org/security-considerations for suggestions on keeping ChromeDriver safe.
ChromeDriver was started successfully on port 18451.
Sep 03, 2024 5:24:16 PM org.openqa.selenium.remote.ProtocolHandshake createSession
INFO: Detected dialect: W3C
]]></system-err>
  </testcase>
  <testcase name="Verify whether the User is able to reset the forgotten password" classname="Login Fucntionality Scenarios" time="4.736">
    <failure message="expected:&lt;[Warning: The E-Mail Address was not found in our records, please try again!]&gt; but was:&lt;[An email with a confirmation link has been sent your email address.]&gt;" type="org.junit.ComparisonFailure"><![CDATA[org.junit.ComparisonFailure: expected:<[Warning: The E-Mail Address was not found in our records, please try again!]> but was:<[An email with a confirmation link has been sent your email address.]>
	at com.srividya.automation.stepDefinition.LoginApp.i_should_see_a_message_informing_the_user_that_information_related_to_restting_password_have_been_sent_to_email_address(LoginApp.java:61)
	at ✽.I should see a message informing the User that information related to restting password have been sent to email address(classpath:FeatureFiles/LoginApp.feature:29)
]]></failure>
    <system-out><![CDATA[2024-09-03 17:24:18 [INFO ] [Hooks] - [setup] Scenario Started: Verify whether the User is able to reset the forgotten password
2024-09-03 17:24:18 [INFO ] [Browser] - [startBrowser] Selected browser is chrome
2024-09-03 17:24:19 [INFO ] [Browser] - [startBrowser] Chrome Browser is Started1821581506
2024-09-03 17:24:23 [INFO ] [Hooks] - [closeBrowser] Scenario Completed: Verify whether the User is able to reset the forgotten password
2024-09-03 17:24:23 [INFO ] [Hooks] - [closeBrowser] Scenario Status is: FAILED
]]></system-out>
    <system-err><![CDATA[Starting ChromeDriver 128.0.6613.86 (3045ed680fdab64f784f3b366cfe74adbdf6ff01-refs/branch-heads/6613@{#1337}) on port 59757
Only local connections are allowed.
Please see https://chromedriver.chromium.org/security-considerations for suggestions on keeping ChromeDriver safe.
ChromeDriver was started successfully on port 59757.
Sep 03, 2024 5:24:19 PM org.openqa.selenium.remote.ProtocolHandshake createSession
INFO: Detected dialect: W3C
]]></system-err>
  </testcase>
  <testcase name="Verify whether the user is able to register into the application by providing all the fields" classname="Registraition functionality scenarios" time="4.833">
    <system-out><![CDATA[2024-09-03 17:24:23 [INFO ] [Hooks] - [setup] Scenario Started: Verify whether the user is able to register into the application by providing all the fields
2024-09-03 17:24:23 [INFO ] [Browser] - [startBrowser] Selected browser is chrome
2024-09-03 17:24:24 [INFO ] [Browser] - [startBrowser] Chrome Browser is Started1687702287
2024-09-03 17:24:28 [INFO ] [Hooks] - [closeBrowser] Scenario Completed: Verify whether the user is able to register into the application by providing all the fields
2024-09-03 17:24:28 [INFO ] [Hooks] - [closeBrowser] Scenario Status is: PASSED
]]></system-out>
    <system-err><![CDATA[Starting ChromeDriver 128.0.6613.86 (3045ed680fdab64f784f3b366cfe74adbdf6ff01-refs/branch-heads/6613@{#1337}) on port 11626
Only local connections are allowed.
Please see https://chromedriver.chromium.org/security-considerations for suggestions on keeping ChromeDriver safe.
ChromeDriver was started successfully on port 11626.
Sep 03, 2024 5:24:24 PM org.openqa.selenium.remote.ProtocolHandshake createSession
INFO: Detected dialect: W3C
]]></system-err>
  </testcase>
  <testcase name="Verify user is not allowed to Register on skipping mandatory fields" classname="Registraition functionality scenarios" time="3.744">
    <system-out><![CDATA[2024-09-03 17:24:28 [INFO ] [Hooks] - [setup] Scenario Started: Verify user is not allowed to Register on skipping mandatory fields
2024-09-03 17:24:28 [INFO ] [Browser] - [startBrowser] Selected browser is chrome
2024-09-03 17:24:29 [INFO ] [Browser] - [startBrowser] Chrome Browser is Started1593245055
2024-09-03 17:24:32 [INFO ] [Hooks] - [closeBrowser] Scenario Completed: Verify user is not allowed to Register on skipping mandatory fields
2024-09-03 17:24:32 [INFO ] [Hooks] - [closeBrowser] Scenario Status is: PASSED
]]></system-out>
    <system-err><![CDATA[Starting ChromeDriver 128.0.6613.86 (3045ed680fdab64f784f3b366cfe74adbdf6ff01-refs/branch-heads/6613@{#1337}) on port 23333
Only local connections are allowed.
Please see https://chromedriver.chromium.org/security-considerations for suggestions on keeping ChromeDriver safe.
ChromeDriver was started successfully on port 23333.
Sep 03, 2024 5:24:29 PM org.openqa.selenium.remote.ProtocolHandshake createSession
INFO: Detected dialect: W3C
]]></system-err>
  </testcase>
  <testcase name="Verify whether the user is able to register into the application by opting for Newsletter subscription" classname="Registraition functionality scenarios" time="5.086">
    <system-out><![CDATA[2024-09-03 17:24:32 [INFO ] [Hooks] - [setup] Scenario Started: Verify whether the user is able to register into the application by opting for Newsletter subscription
2024-09-03 17:24:32 [INFO ] [Browser] - [startBrowser] Selected browser is chrome
2024-09-03 17:24:33 [INFO ] [Browser] - [startBrowser] Chrome Browser is Started1798194863
2024-09-03 17:24:37 [INFO ] [Hooks] - [closeBrowser] Scenario Completed: Verify whether the user is able to register into the application by opting for Newsletter subscription
2024-09-03 17:24:37 [INFO ] [Hooks] - [closeBrowser] Scenario Status is: PASSED
]]></system-out>
    <system-err><![CDATA[Starting ChromeDriver 128.0.6613.86 (3045ed680fdab64f784f3b366cfe74adbdf6ff01-refs/branch-heads/6613@{#1337}) on port 11640
Only local connections are allowed.
Please see https://chromedriver.chromium.org/security-considerations for suggestions on keeping ChromeDriver safe.
ChromeDriver was started successfully on port 11640.
Sep 03, 2024 5:24:33 PM org.openqa.selenium.remote.ProtocolHandshake createSession
INFO: Detected dialect: W3C
]]></system-err>
  </testcase>
  <testcase name="Verify whether the user is restricted from registring a duplicate account" classname="Registraition functionality scenarios" time="5.559">
    <error message="no such element: Unable to locate element: {&quot;method&quot;:&quot;xpath&quot;,&quot;selector&quot;:&quot;//div[contains(text(),&apos;Warning&apos;)]&quot;}&#10;  (Session info: chrome=128.0.6613.114)&#10;For documentation on this error, please visit: http://seleniumhq.org/exceptions/no_such_element.html&#10;Build info: version: &apos;3.11.0&apos;, revision: &apos;e59cfb3&apos;, time: &apos;2018-03-11T20:26:55.152Z&apos;&#10;System info: host: &apos;SRIVIDYA&apos;, ip: &apos;192.168.29.159&apos;, os.name: &apos;Windows 11&apos;, os.arch: &apos;amd64&apos;, os.version: &apos;10.0&apos;, java.version: &apos;17.0.6&apos;&#10;Driver info: org.openqa.selenium.chrome.ChromeDriver&#10;Capabilities {acceptInsecureCerts: false, browserName: chrome, browserVersion: 128.0.6613.114, chrome: {chromedriverVersion: 128.0.6613.86 (3045ed680fda..., userDataDir: C:\Users\kotip\AppData\Loca...}, fedcm:accounts: true, goog:chromeOptions: {debuggerAddress: localhost:62470}, javascriptEnabled: true, networkConnectionEnabled: false, pageLoadStrategy: normal, platform: WINDOWS, platformName: WINDOWS, proxy: Proxy(), setWindowRect: true, strictFileInteractability: false, timeouts: {implicit: 0, pageLoad: 300000, script: 30000}, unhandledPromptBehavior: dismiss and notify, webauthn:extension:credBlob: true, webauthn:extension:largeBlob: true, webauthn:extension:minPinLength: true, webauthn:extension:prf: true, webauthn:virtualAuthenticators: true}&#10;Session ID: aaa84100db92ebdc19b7f6a91ad992bc&#10;*** Element info: {Using=xpath, value=//div[contains(text(),&apos;Warning&apos;)]}" type="org.openqa.selenium.NoSuchElementException"><![CDATA[org.openqa.selenium.NoSuchElementException: 
no such element: Unable to locate element: {"method":"xpath","selector":"//div[contains(text(),'Warning')]"}
  (Session info: chrome=128.0.6613.114)
For documentation on this error, please visit: http://seleniumhq.org/exceptions/no_such_element.html
Build info: version: '3.11.0', revision: 'e59cfb3', time: '2018-03-11T20:26:55.152Z'
System info: host: 'SRIVIDYA', ip: '192.168.29.159', os.name: 'Windows 11', os.arch: 'amd64', os.version: '10.0', java.version: '17.0.6'
Driver info: org.openqa.selenium.chrome.ChromeDriver
Capabilities {acceptInsecureCerts: false, browserName: chrome, browserVersion: 128.0.6613.114, chrome: {chromedriverVersion: 128.0.6613.86 (3045ed680fda..., userDataDir: C:\Users\kotip\AppData\Loca...}, fedcm:accounts: true, goog:chromeOptions: {debuggerAddress: localhost:62470}, javascriptEnabled: true, networkConnectionEnabled: false, pageLoadStrategy: normal, platform: WINDOWS, platformName: WINDOWS, proxy: Proxy(), setWindowRect: true, strictFileInteractability: false, timeouts: {implicit: 0, pageLoad: 300000, script: 30000}, unhandledPromptBehavior: dismiss and notify, webauthn:extension:credBlob: true, webauthn:extension:largeBlob: true, webauthn:extension:minPinLength: true, webauthn:extension:prf: true, webauthn:virtualAuthenticators: true}
Session ID: aaa84100db92ebdc19b7f6a91ad992bc
*** Element info: {Using=xpath, value=//div[contains(text(),'Warning')]}
	at java.base/java.lang.reflect.Constructor.newInstanceWithCaller(Constructor.java:499)
	at java.base/java.lang.reflect.Constructor.newInstance(Constructor.java:480)
	at org.openqa.selenium.remote.http.W3CHttpResponseCodec.createException(W3CHttpResponseCodec.java:187)
	at org.openqa.selenium.remote.http.W3CHttpResponseCodec.decode(W3CHttpResponseCodec.java:122)
	at org.openqa.selenium.remote.http.W3CHttpResponseCodec.decode(W3CHttpResponseCodec.java:49)
	at org.openqa.selenium.remote.HttpCommandExecutor.execute(HttpCommandExecutor.java:158)
	at org.openqa.selenium.remote.service.DriverCommandExecutor.execute(DriverCommandExecutor.java:83)
	at org.openqa.selenium.remote.RemoteWebDriver.execute(RemoteWebDriver.java:545)
	at org.openqa.selenium.remote.RemoteWebDriver.findElement(RemoteWebDriver.java:319)
	at org.openqa.selenium.remote.RemoteWebDriver.findElementByXPath(RemoteWebDriver.java:421)
	at org.openqa.selenium.By$ByXPath.findElement(By.java:361)
	at org.openqa.selenium.remote.RemoteWebDriver.findElement(RemoteWebDriver.java:311)
	at org.openqa.selenium.support.pagefactory.DefaultElementLocator.findElement(DefaultElementLocator.java:69)
	at org.openqa.selenium.support.pagefactory.internal.LocatingElementHandler.invoke(LocatingElementHandler.java:38)
	at jdk.proxy2/jdk.proxy2.$Proxy22.isDisplayed(Unknown Source)
	at com.srividya.automation.stepDefinition.Registration.i_should_see_the_warning_message_stating_that_the_user_is_already_created(Registration.java:92)
	at ✽.I should see the warning message stating that the user is already created(classpath:FeatureFiles/Registration.feature:51)
]]></error>
    <system-out><![CDATA[2024-09-03 17:24:37 [INFO ] [Hooks] - [setup] Scenario Started: Verify whether the user is restricted from registring a duplicate account
2024-09-03 17:24:37 [INFO ] [Browser] - [startBrowser] Selected browser is chrome
2024-09-03 17:24:38 [INFO ] [Browser] - [startBrowser] Chrome Browser is Started1197535593
2024-09-03 17:24:42 [INFO ] [Hooks] - [closeBrowser] Scenario Completed: Verify whether the user is restricted from registring a duplicate account
2024-09-03 17:24:42 [INFO ] [Hooks] - [closeBrowser] Scenario Status is: FAILED
]]></system-out>
    <system-err><![CDATA[Starting ChromeDriver 128.0.6613.86 (3045ed680fdab64f784f3b366cfe74adbdf6ff01-refs/branch-heads/6613@{#1337}) on port 25948
Only local connections are allowed.
Please see https://chromedriver.chromium.org/security-considerations for suggestions on keeping ChromeDriver safe.
ChromeDriver was started successfully on port 25948.
Sep 03, 2024 5:24:38 PM org.openqa.selenium.remote.ProtocolHandshake createSession
INFO: Detected dialect: W3C
]]></system-err>
  </testcase>
  <testcase name="Verify whether the User is able to search for the products" classname="Search functionality scenarios" time="3.756">
    <system-out><![CDATA[2024-09-03 17:24:42 [INFO ] [Hooks] - [setup] Scenario Started: Verify whether the User is able to search for the products
2024-09-03 17:24:42 [INFO ] [Browser] - [startBrowser] Selected browser is chrome
2024-09-03 17:24:43 [INFO ] [Browser] - [startBrowser] Chrome Browser is Started1198515856
2024-09-03 17:24:46 [INFO ] [Hooks] - [closeBrowser] Scenario Completed: Verify whether the User is able to search for the products
2024-09-03 17:24:46 [INFO ] [Hooks] - [closeBrowser] Scenario Status is: PASSED
]]></system-out>
    <system-err><![CDATA[Starting ChromeDriver 128.0.6613.86 (3045ed680fdab64f784f3b366cfe74adbdf6ff01-refs/branch-heads/6613@{#1337}) on port 63443
Only local connections are allowed.
Please see https://chromedriver.chromium.org/security-considerations for suggestions on keeping ChromeDriver safe.
ChromeDriver was started successfully on port 63443.
Sep 03, 2024 5:24:43 PM org.openqa.selenium.remote.ProtocolHandshake createSession
INFO: Detected dialect: W3C
]]></system-err>
  </testcase>
  <testcase name="Verify whether the User is informed when the product being searched is not available" classname="Search functionality scenarios" time="2.908">
    <system-out><![CDATA[2024-09-03 17:24:46 [INFO ] [Hooks] - [setup] Scenario Started: Verify whether the User is informed when the product being searched is not available
2024-09-03 17:24:46 [INFO ] [Browser] - [startBrowser] Selected browser is chrome
2024-09-03 17:24:47 [INFO ] [Browser] - [startBrowser] Chrome Browser is Started143999341
2024-09-03 17:24:49 [INFO ] [Hooks] - [closeBrowser] Scenario Completed: Verify whether the User is informed when the product being searched is not available
2024-09-03 17:24:49 [INFO ] [Hooks] - [closeBrowser] Scenario Status is: PASSED
]]></system-out>
    <system-err><![CDATA[Starting ChromeDriver 128.0.6613.86 (3045ed680fdab64f784f3b366cfe74adbdf6ff01-refs/branch-heads/6613@{#1337}) on port 15582
Only local connections are allowed.
Please see https://chromedriver.chromium.org/security-considerations for suggestions on keeping ChromeDriver safe.
ChromeDriver was started successfully on port 15582.
Sep 03, 2024 5:24:47 PM org.openqa.selenium.remote.ProtocolHandshake createSession
INFO: Detected dialect: W3C
]]></system-err>
  </testcase>
</testsuite>